2023-10-20 17:17:59,856 Copy file /data_sda/vktrace/6977/vulkan_trace/VulkanTools/.clang-format to /data_sda/vktrace/6977/vktrace-arm/
2023-10-20 17:17:59,856 Copy file /data_sda/vktrace/6977/vulkan_trace/VulkanTools/BUILD.md to /data_sda/vktrace/6977/vktrace-arm/
2023-10-20 17:17:59,857 Copy file /data_sda/vktrace/6977/vulkan_trace/VulkanTools/align8_vulkan_header.sh to /data_sda/vktrace/6977/vktrace-arm/
2023-10-20 17:17:59,857 Ignore file /data_sda/vktrace/6977/vulkan_trace/VulkanTools/sourceme
2023-10-20 17:17:59,857 Ignore file /data_sda/vktrace/6977/vulkan_trace/VulkanTools/README.txt
2023-10-20 17:17:59,857 Copy file /data_sda/vktrace/6977/vulkan_trace/VulkanTools/GOVERNANCE.md to /data_sda/vktrace/6977/vktrace-arm/
2023-10-20 17:17:59,857 Copy file /data_sda/vktrace/6977/vulkan_trace/VulkanTools/vulkan_structs_padding_i386.h to /data_sda/vktrace/6977/vktrace-arm/
2023-10-20 17:17:59,857 Copy file /data_sda/vktrace/6977/vulkan_trace/VulkanTools/CONTRIBUTING.md to /data_sda/vktrace/6977/vktrace-arm/
2023-10-20 17:17:59,858 Copy file /data_sda/vktrace/6977/vulkan_trace/VulkanTools/update_external_sources.bat to /data_sda/vktrace/6977/vktrace-arm/
2023-10-20 17:17:59,858 Copy file /data_sda/vktrace/6977/vulkan_trace/VulkanTools/README.md to /data_sda/vktrace/6977/vktrace-arm/
2023-10-20 17:17:59,858 Ignore file /data_sda/vktrace/6977/vulkan_trace/VulkanTools/how_to_build_and_run_on_euhpc.txt
2023-10-20 17:17:59,858 Copy file /data_sda/vktrace/6977/vulkan_trace/VulkanTools/CMakeLists.txt to /data_sda/vktrace/6977/vktrace-arm/
2023-10-20 17:17:59,858 Ignore file /data_sda/vktrace/6977/vulkan_trace/VulkanTools/build_vktrace.sh
2023-10-20 17:17:59,858 Copy file /data_sda/vktrace/6977/vulkan_trace/VulkanTools/vktrace_version to /data_sda/vktrace/6977/vktrace-arm/
2023-10-20 17:17:59,858 Ignore file /data_sda/vktrace/6977/vulkan_trace/VulkanTools/.gitignore
2023-10-20 17:17:59,858 Ignore file /data_sda/vktrace/6977/vulkan_trace/VulkanTools/.gitmodules
2023-10-20 17:17:59,859 Copy file /data_sda/vktrace/6977/vulkan_trace/VulkanTools/update_external_sources.sh to /data_sda/vktrace/6977/vktrace-arm/
2023-10-20 17:17:59,859 Copy file /data_sda/vktrace/6977/vulkan_trace/VulkanTools/LICENSE.txt to /data_sda/vktrace/6977/vktrace-arm/
2023-10-20 17:17:59,859 Ignore file /data_sda/vktrace/6977/vulkan_trace/VulkanTools/.gitattributes
2023-10-20 17:17:59,859 Ignore file /data_sda/vktrace/6977/vulkan_trace/VulkanTools/.appveyor.yml
2023-10-20 17:17:59,859 Ignore file /data_sda/vktrace/6977/vulkan_trace/VulkanTools/.travis.yml
2023-10-20 17:17:59,859 Copy file /data_sda/vktrace/6977/vulkan_trace/VulkanTools/vku/vk_layer_settings.h to /data_sda/vktrace/6977/vktrace-arm//vku
2023-10-20 17:17:59,860 Copy file /data_sda/vktrace/6977/vulkan_trace/VulkanTools/vku/CMakeLists.txt to /data_sda/vktrace/6977/vktrace-arm//vku
2023-10-20 17:17:59,860 Copy file /data_sda/vktrace/6977/vulkan_trace/VulkanTools/vku/vk_layer_settings.cpp to /data_sda/vktrace/6977/vktrace-arm//vku
2023-10-20 17:17:59,860 Copy file /data_sda/vktrace/6977/vulkan_trace/VulkanTools/tests/devsim_layer_test.sh to /data_sda/vktrace/6977/vktrace-arm//tests
2023-10-20 17:17:59,860 Copy file /data_sda/vktrace/6977/vulkan_trace/VulkanTools/tests/vlf_test.ps1 to /data_sda/vktrace/6977/vktrace-arm//tests
2023-10-20 17:17:59,861 Copy file /data_sda/vktrace/6977/vulkan_trace/VulkanTools/tests/devsim_test2_in2.json to /data_sda/vktrace/6977/vktrace-arm//tests
2023-10-20 17:17:59,861 Copy file /data_sda/vktrace/6977/vulkan_trace/VulkanTools/tests/apidump_test.sh to /data_sda/vktrace/6977/vktrace-arm//tests
2023-10-20 17:17:59,861 Copy file /data_sda/vktrace/6977/vulkan_trace/VulkanTools/tests/vktracereplay.sh to /data_sda/vktrace/6977/vktrace-arm//tests
2023-10-20 17:17:59,861 Copy file /data_sda/vktrace/6977/vulkan_trace/VulkanTools/tests/devsim_test1_gold.json to /data_sda/vktrace/6977/vktrace-arm//tests
2023-10-20 17:17:59,861 Copy file /data_sda/vktrace/6977/vulkan_trace/VulkanTools/tests/devsim_test2_in3.json to /data_sda/vktrace/6977/vktrace-arm//tests
2023-10-20 17:17:59,862 Copy file /data_sda/vktrace/6977/vulkan_trace/VulkanTools/tests/devsim_test2_in5.json to /data_sda/vktrace/6977/vktrace-arm//tests
2023-10-20 17:17:59,862 Copy file /data_sda/vktrace/6977/vulkan_trace/VulkanTools/tests/CMakeLists.txt to /data_sda/vktrace/6977/vktrace-arm//tests
2023-10-20 17:17:59,862 Copy file /data_sda/vktrace/6977/vulkan_trace/VulkanTools/tests/vlf_test.sh to /data_sda/vktrace/6977/vktrace-arm//tests
2023-10-20 17:17:59,862 Copy file /data_sda/vktrace/6977/vulkan_trace/VulkanTools/tests/devsim_test1_in.json to /data_sda/vktrace/6977/vktrace-arm//tests
2023-10-20 17:17:59,862 Copy file /data_sda/vktrace/6977/vulkan_trace/VulkanTools/tests/apidump_test.ps1 to /data_sda/vktrace/6977/vktrace-arm//tests
2023-10-20 17:17:59,862 Copy file /data_sda/vktrace/6977/vulkan_trace/VulkanTools/tests/trace_positive_validation.ps1 to /data_sda/vktrace/6977/vktrace-arm//tests
2023-10-20 17:17:59,863 Copy file /data_sda/vktrace/6977/vulkan_trace/VulkanTools/tests/devsim_test2_in1.json to /data_sda/vktrace/6977/vktrace-arm//tests
2023-10-20 17:17:59,863 Copy file /data_sda/vktrace/6977/vulkan_trace/VulkanTools/tests/devsim_test1_in_ArrayOfVkFormatProperties.json to /data_sda/vktrace/6977/vktrace-arm//tests
2023-10-20 17:17:59,863 Copy file /data_sda/vktrace/6977/vulkan_trace/VulkanTools/tests/devsim_test2_gold.json to /data_sda/vktrace/6977/vktrace-arm//tests
2023-10-20 17:17:59,863 Copy file /data_sda/vktrace/6977/vulkan_trace/VulkanTools/tests/vktracereplay.py to /data_sda/vktrace/6977/vktrace-arm//tests
2023-10-20 17:17:59,863 Copy file /data_sda/vktrace/6977/vulkan_trace/VulkanTools/tests/_vktracereplay.ps1 to /data_sda/vktrace/6977/vktrace-arm//tests
2023-10-20 17:17:59,864 Copy file /data_sda/vktrace/6977/vulkan_trace/VulkanTools/tests/devsim_test2_in4.json to /data_sda/vktrace/6977/vktrace-arm//tests
2023-10-20 17:17:59,864 Copy file /data_sda/vktrace/6977/vulkan_trace/VulkanTools/vktrace/vktrace.md to /data_sda/vktrace/6977/vktrace-arm//vktrace
2023-10-20 17:17:59,864 Copy file /data_sda/vktrace/6977/vulkan_trace/VulkanTools/vktrace/CMakeLists.txt to /data_sda/vktrace/6977/vktrace-arm//vktrace
2023-10-20 17:17:59,864 Ignore file /data_sda/vktrace/6977/vulkan_trace/VulkanTools/vktrace/.gitignore
2023-10-20 17:17:59,864 Copy file /data_sda/vktrace/6977/vulkan_trace/VulkanTools/vktrace/TODO.md to /data_sda/vktrace/6977/vktrace-arm//vktrace
2023-10-20 17:17:59,864 Copy file /data_sda/vktrace/6977/vulkan_trace/VulkanTools/vktrace/LICENSE to /data_sda/vktrace/6977/vktrace-arm//vktrace
2023-10-20 17:17:59,865 Copy file /data_sda/vktrace/6977/vulkan_trace/VulkanTools/vktrace/vktrace_trace/vktrace_process.h to /data_sda/vktrace/6977/vktrace-arm//vktrace/vktrace_trace
2023-10-20 17:17:59,865 Copy file /data_sda/vktrace/6977/vulkan_trace/VulkanTools/vktrace/vktrace_trace/CMakeLists.txt to /data_sda/vktrace/6977/vktrace-arm//vktrace/vktrace_trace
2023-10-20 17:17:59,865 Copy file /data_sda/vktrace/6977/vulkan_trace/VulkanTools/vktrace/vktrace_trace/vktrace.h to /data_sda/vktrace/6977/vktrace-arm//vktrace/vktrace_trace
2023-10-20 17:17:59,865 Copy file /data_sda/vktrace/6977/vulkan_trace/VulkanTools/vktrace/vktrace_trace/vktrace_process.cpp to /data_sda/vktrace/6977/vktrace-arm//vktrace/vktrace_trace
2023-10-20 17:17:59,865 Copy file /data_sda/vktrace/6977/vulkan_trace/VulkanTools/vktrace/vktrace_trace/vktrace.cpp to /data_sda/vktrace/6977/vktrace-arm//vktrace/vktrace_trace
2023-10-20 17:17:59,866 Copy file /data_sda/vktrace/6977/vulkan_trace/VulkanTools/vktrace/vktrace_viewer/vktraceviewer_controller.h to /data_sda/vktrace/6977/vktrace-arm//vktrace/vktrace_viewer
2023-10-20 17:17:59,866 Copy file /data_sda/vktrace/6977/vulkan_trace/VulkanTools/vktrace/vktrace_viewer/vktraceviewer_output.h to /data_sda/vktrace/6977/vktrace-arm//vktrace/vktrace_viewer
2023-10-20 17:17:59,866 Copy file /data_sda/vktrace/6977/vulkan_trace/VulkanTools/vktrace/vktrace_viewer/vktraceviewer.cpp to /data_sda/vktrace/6977/vktrace-arm//vktrace/vktrace_viewer
2023-10-20 17:17:59,866 Copy file /data_sda/vktrace/6977/vulkan_trace/VulkanTools/vktrace/vktrace_viewer/vktraceviewer.h to /data_sda/vktrace/6977/vktrace-arm//vktrace/vktrace_viewer
2023-10-20 17:17:59,866 Copy file /data_sda/vktrace/6977/vulkan_trace/VulkanTools/vktrace/vktrace_viewer/vktraceviewer_output.cpp to /data_sda/vktrace/6977/vktrace-arm//vktrace/vktrace_viewer
2023-10-20 17:17:59,867 Copy file /data_sda/vktrace/6977/vulkan_trace/VulkanTools/vktrace/vktrace_viewer/vktraceviewer_apicallitem.h to /data_sda/vktrace/6977/vktrace-arm//vktrace/vktrace_viewer
2023-10-20 17:17:59,867 Copy file /data_sda/vktrace/6977/vulkan_trace/VulkanTools/vktrace/vktrace_viewer/vktraceviewer_vk_qfile_model.cpp to /data_sda/vktrace/6977/vktrace-arm//vktrace/vktrace_viewer
2023-10-20 17:17:59,867 Copy file /data_sda/vktrace/6977/vulkan_trace/VulkanTools/vktrace/vktrace_viewer/vktraceviewer_qimageviewer.h to /data_sda/vktrace/6977/vktrace-arm//vktrace/vktrace_viewer
2023-10-20 17:17:59,867 Copy file /data_sda/vktrace/6977/vulkan_trace/VulkanTools/vktrace/vktrace_viewer/vktraceviewer_vk_qcontroller.h to /data_sda/vktrace/6977/vktrace-arm//vktrace/vktrace_viewer
2023-10-20 17:17:59,868 Copy file /data_sda/vktrace/6977/vulkan_trace/VulkanTools/vktrace/vktrace_viewer/vktraceviewer_qtracefileloader.h to /data_sda/vktrace/6977/vktrace-arm//vktrace/vktrace_viewer
2023-10-20 17:17:59,868 Copy file /data_sda/vktrace/6977/vulkan_trace/VulkanTools/vktrace/vktrace_viewer/vktraceviewer_frameitem.h to /data_sda/vktrace/6977/vktrace-arm//vktrace/vktrace_viewer
2023-10-20 17:17:59,868 Copy file /data_sda/vktrace/6977/vulkan_trace/VulkanTools/vktrace/vktrace_viewer/vktraceviewer_controller_factory.h to /data_sda/vktrace/6977/vktrace-arm//vktrace/vktrace_viewer
2023-10-20 17:17:59,868 Copy file /data_sda/vktrace/6977/vulkan_trace/VulkanTools/vktrace/vktrace_viewer/vktraceviewer_view.h to /data_sda/vktrace/6977/vktrace-arm//vktrace/vktrace_viewer
2023-10-20 17:17:59,868 Copy file /data_sda/vktrace/6977/vulkan_trace/VulkanTools/vktrace/vktrace_viewer/vktraceviewer_QReplayWorker.cpp to /data_sda/vktrace/6977/vktrace-arm//vktrace/vktrace_viewer
2023-10-20 17:17:59,869 Copy file /data_sda/vktrace/6977/vulkan_trace/VulkanTools/vktrace/vktrace_viewer/vktraceviewer_qgroupthreadsproxymodel.h to /data_sda/vktrace/6977/vktrace-arm//vktrace/vktrace_viewer
2023-10-20 17:17:59,869 Copy file /data_sda/vktrace/6977/vulkan_trace/VulkanTools/vktrace/vktrace_viewer/vktraceviewer_QReplayWorker.h to /data_sda/vktrace/6977/vktrace-arm//vktrace/vktrace_viewer
2023-10-20 17:17:59,869 Copy file /data_sda/vktrace/6977/vulkan_trace/VulkanTools/vktrace/vktrace_viewer/vktraceviewer_apicalltreeitem.h to /data_sda/vktrace/6977/vktrace-arm//vktrace/vktrace_viewer
2023-10-20 17:17:59,869 Copy file /data_sda/vktrace/6977/vulkan_trace/VulkanTools/vktrace/vktrace_viewer/vktraceviewer_vk.cpp to /data_sda/vktrace/6977/vktrace-arm//vktrace/vktrace_viewer
2023-10-20 17:17:59,869 Copy file /data_sda/vktrace/6977/vulkan_trace/VulkanTools/vktrace/vktrace_viewer/vktraceviewer_QReplayWidget.h to /data_sda/vktrace/6977/vktrace-arm//vktrace/vktrace_viewer
2023-10-20 17:17:59,870 Copy file /data_sda/vktrace/6977/vulkan_trace/VulkanTools/vktrace/vktrace_viewer/vktraceviewer_vk_settings.h to /data_sda/vktrace/6977/vktrace-arm//vktrace/vktrace_viewer
2023-10-20 17:17:59,870 Copy file /data_sda/vktrace/6977/vulkan_trace/VulkanTools/vktrace/vktrace_viewer/vktraceviewer_qapicalltreemodel.h to /data_sda/vktrace/6977/vktrace-arm//vktrace/vktrace_viewer
2023-10-20 17:17:59,870 Copy file /data_sda/vktrace/6977/vulkan_trace/VulkanTools/vktrace/vktrace_viewer/vktraceviewer_qsettingsdialog.h to /data_sda/vktrace/6977/vktrace-arm//vktrace/vktrace_viewer
2023-10-20 17:17:59,870 Copy file /data_sda/vktrace/6977/vulkan_trace/VulkanTools/vktrace/vktrace_viewer/vktraceviewer_controller_factory.cpp to /data_sda/vktrace/6977/vktrace-arm//vktrace/vktrace_viewer
2023-10-20 17:17:59,870 Copy file /data_sda/vktrace/6977/vulkan_trace/VulkanTools/vktrace/vktrace_viewer/vktraceviewer_qapicalltreemodel.cpp to /data_sda/vktrace/6977/vktrace-arm//vktrace/vktrace_viewer
2023-10-20 17:17:59,871 Copy file /data_sda/vktrace/6977/vulkan_trace/VulkanTools/vktrace/vktrace_viewer/vktraceviewer_qsettingsdialog.cpp to /data_sda/vktrace/6977/vktrace-arm//vktrace/vktrace_viewer
2023-10-20 17:17:59,871 Copy file /data_sda/vktrace/6977/vulkan_trace/VulkanTools/vktrace/vktrace_viewer/vktraceviewer_trace_file_utils.cpp to /data_sda/vktrace/6977/vktrace-arm//vktrace/vktrace_viewer
2023-10-20 17:17:59,871 Copy file /data_sda/vktrace/6977/vulkan_trace/VulkanTools/vktrace/vktrace_viewer/CMakeLists.txt to /data_sda/vktrace/6977/vktrace-arm//vktrace/vktrace_viewer
2023-10-20 17:17:59,871 Copy file /data_sda/vktrace/6977/vulkan_trace/VulkanTools/vktrace/vktrace_viewer/vktraceviewer_vk_qfile_model.h to /data_sda/vktrace/6977/vktrace-arm//vktrace/vktrace_viewer
2023-10-20 17:17:59,871 Copy file /data_sda/vktrace/6977/vulkan_trace/VulkanTools/vktrace/vktrace_viewer/vktraceviewer_groupitem.h to /data_sda/vktrace/6977/vktrace-arm//vktrace/vktrace_viewer
2023-10-20 17:17:59,872 Copy file /data_sda/vktrace/6977/vulkan_trace/VulkanTools/vktrace/vktrace_viewer/vktraceviewer_qsvgviewer.h to /data_sda/vktrace/6977/vktrace-arm//vktrace/vktrace_viewer
2023-10-20 17:17:59,872 Copy file /data_sda/vktrace/6977/vulkan_trace/VulkanTools/vktrace/vktrace_viewer/vktraceviewer_qtracefileloader.cpp to /data_sda/vktrace/6977/vktrace-arm//vktrace/vktrace_viewer
2023-10-20 17:17:59,872 Copy file /data_sda/vktrace/6977/vulkan_trace/VulkanTools/vktrace/vktrace_viewer/qt.conf to /data_sda/vktrace/6977/vktrace-arm//vktrace/vktrace_viewer
2023-10-20 17:17:59,872 Copy file /data_sda/vktrace/6977/vulkan_trace/VulkanTools/vktrace/vktrace_viewer/vktraceviewer_QTraceFileModel.h to /data_sda/vktrace/6977/vktrace-arm//vktrace/vktrace_viewer
2023-10-20 17:17:59,872 Copy file /data_sda/vktrace/6977/vulkan_trace/VulkanTools/vktrace/vktrace_viewer/vktraceviewer_qtimelineview.cpp to /data_sda/vktrace/6977/vktrace-arm//vktrace/vktrace_viewer
2023-10-20 17:17:59,873 Copy file /data_sda/vktrace/6977/vulkan_trace/VulkanTools/vktrace/vktrace_viewer/vktraceviewer_vk_qgroupframesproxymodel.h to /data_sda/vktrace/6977/vktrace-arm//vktrace/vktrace_viewer
2023-10-20 17:17:59,873 Copy file /data_sda/vktrace/6977/vulkan_trace/VulkanTools/vktrace/vktrace_viewer/vktraceviewer.ui to /data_sda/vktrace/6977/vktrace-arm//vktrace/vktrace_viewer
2023-10-20 17:17:59,873 Copy file /data_sda/vktrace/6977/vulkan_trace/VulkanTools/vktrace/vktrace_viewer/vktraceviewer_vk_qgroupframesproxymodel.cpp to /data_sda/vktrace/6977/vktrace-arm//vktrace/vktrace_viewer
2023-10-20 17:17:59,873 Copy file /data_sda/vktrace/6977/vulkan_trace/VulkanTools/vktrace/vktrace_viewer/vktraceviewer_vk_qcontroller.cpp to /data_sda/vktrace/6977/vktrace-arm//vktrace/vktrace_viewer
2023-10-20 17:17:59,873 Copy file /data_sda/vktrace/6977/vulkan_trace/VulkanTools/vktrace/vktrace_viewer/vktraceviewer_qtimelineview.h to /data_sda/vktrace/6977/vktrace-arm//vktrace/vktrace_viewer
2023-10-20 17:17:59,874 Copy file /data_sda/vktrace/6977/vulkan_trace/VulkanTools/vktrace/vktrace_viewer/vktraceviewer_qgeneratetracedialog.cpp to /data_sda/vktrace/6977/vktrace-arm//vktrace/vktrace_viewer
2023-10-20 17:17:59,874 Copy file /data_sda/vktrace/6977/vulkan_trace/VulkanTools/vktrace/vktrace_viewer/vktraceviewer_vk_settings.cpp to /data_sda/vktrace/6977/vktrace-arm//vktrace/vktrace_viewer
2023-10-20 17:17:59,874 Copy file /data_sda/vktrace/6977/vulkan_trace/VulkanTools/vktrace/vktrace_viewer/vktraceviewer_apicalltreeitem.cpp to /data_sda/vktrace/6977/vktrace-arm//vktrace/vktrace_viewer
2023-10-20 17:17:59,874 Copy file /data_sda/vktrace/6977/vulkan_trace/VulkanTools/vktrace/vktrace_viewer/vktraceviewer_settings.cpp to /data_sda/vktrace/6977/vktrace-arm//vktrace/vktrace_viewer
2023-10-20 17:17:59,874 Copy file /data_sda/vktrace/6977/vulkan_trace/VulkanTools/vktrace/vktrace_viewer/vktraceviewer_settings.h to /data_sda/vktrace/6977/vktrace-arm//vktrace/vktrace_viewer
2023-10-20 17:17:59,875 Copy file /data_sda/vktrace/6977/vulkan_trace/VulkanTools/vktrace/vktrace_viewer/vktraceviewer_qgeneratetracedialog.h to /data_sda/vktrace/6977/vktrace-arm//vktrace/vktrace_viewer
2023-10-20 17:17:59,875 Copy file /data_sda/vktrace/6977/vulkan_trace/VulkanTools/vktrace/vktrace_viewer/vktraceviewer_trace_file_utils.h to /data_sda/vktrace/6977/vktrace-arm//vktrace/vktrace_viewer
2023-10-20 17:17:59,875 Copy file /data_sda/vktrace/6977/vulkan_trace/VulkanTools/vktrace/vktrace_viewer/main.cpp to /data_sda/vktrace/6977/vktrace-arm//vktrace/vktrace_viewer
2023-10-20 17:17:59,875 Copy file /data_sda/vktrace/6977/vulkan_trace/VulkanTools/vktrace/vktrace_layer/VkLayer_vktrace_layer.json.in to /data_sda/vktrace/6977/vktrace-arm//vktrace/vktrace_layer
2023-10-20 17:17:59,875 Copy file /data_sda/vktrace/6977/vulkan_trace/VulkanTools/vktrace/vktrace_layer/vktrace_lib_trim_utils.cpp to /data_sda/vktrace/6977/vktrace-arm//vktrace/vktrace_layer
2023-10-20 17:17:59,876 Copy file /data_sda/vktrace/6977/vulkan_trace/VulkanTools/vktrace/vktrace_layer/vktrace_lib_pageguardcapture.cpp to /data_sda/vktrace/6977/vktrace-arm//vktrace/vktrace_layer
2023-10-20 17:17:59,876 Copy file /data_sda/vktrace/6977/vulkan_trace/VulkanTools/vktrace/vktrace_layer/vktrace_lib_trim_cmdbuild_as.cpp to /data_sda/vktrace/6977/vktrace-arm//vktrace/vktrace_layer
2023-10-20 17:17:59,876 Copy file /data_sda/vktrace/6977/vulkan_trace/VulkanTools/vktrace/vktrace_layer/vktrace_lib_trim_descriptoriterator.h to /data_sda/vktrace/6977/vktrace-arm//vktrace/vktrace_layer
2023-10-20 17:17:59,876 Copy file /data_sda/vktrace/6977/vulkan_trace/VulkanTools/vktrace/vktrace_layer/VkLayer_vktrace_layer.def to /data_sda/vktrace/6977/vktrace-arm//vktrace/vktrace_layer
2023-10-20 17:17:59,876 Copy file /data_sda/vktrace/6977/vulkan_trace/VulkanTools/vktrace/vktrace_layer/vktrace_lib_pageguard.h to /data_sda/vktrace/6977/vktrace-arm//vktrace/vktrace_layer
2023-10-20 17:17:59,877 Copy file /data_sda/vktrace/6977/vulkan_trace/VulkanTools/vktrace/vktrace_layer/vktrace_lib_trim_cmdbuild_as.h to /data_sda/vktrace/6977/vktrace-arm//vktrace/vktrace_layer
2023-10-20 17:17:59,877 Copy file /data_sda/vktrace/6977/vulkan_trace/VulkanTools/vktrace/vktrace_layer/vktrace_lib_trim.h to /data_sda/vktrace/6977/vktrace-arm//vktrace/vktrace_layer
2023-10-20 17:17:59,877 Copy file /data_sda/vktrace/6977/vulkan_trace/VulkanTools/vktrace/vktrace_layer/vktrace_lib.c to /data_sda/vktrace/6977/vktrace-arm//vktrace/vktrace_layer
2023-10-20 17:17:59,877 Copy file /data_sda/vktrace/6977/vulkan_trace/VulkanTools/vktrace/vktrace_layer/vktrace_lib_pageguardmappedmemory.cpp to /data_sda/vktrace/6977/vktrace-arm//vktrace/vktrace_layer
2023-10-20 17:17:59,878 Copy file /data_sda/vktrace/6977/vulkan_trace/VulkanTools/vktrace/vktrace_layer/vktrace_lib_trim.cpp to /data_sda/vktrace/6977/vktrace-arm//vktrace/vktrace_layer
2023-10-20 17:17:59,878 Copy file /data_sda/vktrace/6977/vulkan_trace/VulkanTools/vktrace/vktrace_layer/vktrace_lib_pagestatusarray.h to /data_sda/vktrace/6977/vktrace-arm//vktrace/vktrace_layer
2023-10-20 17:17:59,879 Copy file /data_sda/vktrace/6977/vulkan_trace/VulkanTools/vktrace/vktrace_layer/vktrace_lib_pageguardcapture.h to /data_sda/vktrace/6977/vktrace-arm//vktrace/vktrace_layer
2023-10-20 17:17:59,879 Copy file /data_sda/vktrace/6977/vulkan_trace/VulkanTools/vktrace/vktrace_layer/CMakeLists.txt to /data_sda/vktrace/6977/vktrace-arm//vktrace/vktrace_layer
2023-10-20 17:17:59,879 Copy file /data_sda/vktrace/6977/vulkan_trace/VulkanTools/vktrace/vktrace_layer/vktrace_vk_exts.cpp to /data_sda/vktrace/6977/vktrace-arm//vktrace/vktrace_layer
2023-10-20 17:17:59,880 Copy file /data_sda/vktrace/6977/vulkan_trace/VulkanTools/vktrace/vktrace_layer/vktrace_lib_trace.cpp to /data_sda/vktrace/6977/vktrace-arm//vktrace/vktrace_layer
2023-10-20 17:17:59,880 Copy file /data_sda/vktrace/6977/vulkan_trace/VulkanTools/vktrace/vktrace_layer/vktrace_lib_pageguard.cpp to /data_sda/vktrace/6977/vktrace-arm//vktrace/vktrace_layer
2023-10-20 17:17:59,880 Copy file /data_sda/vktrace/6977/vulkan_trace/VulkanTools/vktrace/vktrace_layer/vktrace_lib_trim_generate.cpp to /data_sda/vktrace/6977/vktrace-arm//vktrace/vktrace_layer
2023-10-20 17:17:59,880 Copy file /data_sda/vktrace/6977/vulkan_trace/VulkanTools/vktrace/vktrace_layer/vktrace_lib_trim_generate.h to /data_sda/vktrace/6977/vktrace-arm//vktrace/vktrace_layer
2023-10-20 17:17:59,881 Copy file /data_sda/vktrace/6977/vulkan_trace/VulkanTools/vktrace/vktrace_layer/vktrace_lib_helpers.h to /data_sda/vktrace/6977/vktrace-arm//vktrace/vktrace_layer
2023-10-20 17:17:59,881 Copy file /data_sda/vktrace/6977/vulkan_trace/VulkanTools/vktrace/vktrace_layer/vktrace_lib_trim_statetracker.cpp to /data_sda/vktrace/6977/vktrace-arm//vktrace/vktrace_layer
2023-10-20 17:17:59,881 Copy file /data_sda/vktrace/6977/vulkan_trace/VulkanTools/vktrace/vktrace_layer/vktrace_lib_trim_utils.h to /data_sda/vktrace/6977/vktrace-arm//vktrace/vktrace_layer
2023-10-20 17:17:59,881 Copy file /data_sda/vktrace/6977/vulkan_trace/VulkanTools/vktrace/vktrace_layer/vktrace_lib_pageguardmappedmemory.h to /data_sda/vktrace/6977/vktrace-arm//vktrace/vktrace_layer
2023-10-20 17:17:59,881 Copy file /data_sda/vktrace/6977/vulkan_trace/VulkanTools/vktrace/vktrace_layer/vktrace_vk_exts.h to /data_sda/vktrace/6977/vktrace-arm//vktrace/vktrace_layer
2023-10-20 17:17:59,882 Copy file /data_sda/vktrace/6977/vulkan_trace/VulkanTools/vktrace/vktrace_layer/vktrace_lib_pagestatusarray.cpp to /data_sda/vktrace/6977/vktrace-arm//vktrace/vktrace_layer
2023-10-20 17:17:59,882 Copy file /data_sda/vktrace/6977/vulkan_trace/VulkanTools/vktrace/vktrace_layer/vktrace_lib_trim_descriptoriterator.cpp to /data_sda/vktrace/6977/vktrace-arm//vktrace/vktrace_layer
2023-10-20 17:17:59,882 Copy file /data_sda/vktrace/6977/vulkan_trace/VulkanTools/vktrace/vktrace_layer/vktrace_lib_trim_statetracker.h to /data_sda/vktrace/6977/vktrace-arm//vktrace/vktrace_layer
2023-10-20 17:17:59,882 Copy file /data_sda/vktrace/6977/vulkan_trace/VulkanTools/vktrace/vktrace_layer/vktrace_lib_helpers.cpp to /data_sda/vktrace/6977/vktrace-arm//vktrace/vktrace_layer
2023-10-20 17:17:59,883 Copy file /data_sda/vktrace/6977/vulkan_trace/VulkanTools/vktrace/vktrace_common/vktrace_process.h to /data_sda/vktrace/6977/vktrace-arm//vktrace/vktrace_common
2023-10-20 17:17:59,883 Copy file /data_sda/vktrace/6977/vulkan_trace/VulkanTools/vktrace/vktrace_common/compressor.h to /data_sda/vktrace/6977/vktrace-arm//vktrace/vktrace_common
2023-10-20 17:17:59,883 Copy file /data_sda/vktrace/6977/vulkan_trace/VulkanTools/vktrace/vktrace_common/vktrace_settings.h to /data_sda/vktrace/6977/vktrace-arm//vktrace/vktrace_common
2023-10-20 17:17:59,883 Copy file /data_sda/vktrace/6977/vulkan_trace/VulkanTools/vktrace/vktrace_common/vktrace_platform.c to /data_sda/vktrace/6977/vktrace-arm//vktrace/vktrace_common
2023-10-20 17:17:59,883 Copy file /data_sda/vktrace/6977/vulkan_trace/VulkanTools/vktrace/vktrace_common/vktrace_pageguard_memorycopy.h to /data_sda/vktrace/6977/vktrace-arm//vktrace/vktrace_common
2023-10-20 17:17:59,884 Copy file /data_sda/vktrace/6977/vulkan_trace/VulkanTools/vktrace/vktrace_common/decompressor.h to /data_sda/vktrace/6977/vktrace-arm//vktrace/vktrace_common
2023-10-20 17:17:59,884 Ignore file /data_sda/vktrace/6977/vulkan_trace/VulkanTools/vktrace/vktrace_common/vktrace_advance.h
2023-10-20 17:17:59,884 Copy file /data_sda/vktrace/6977/vulkan_trace/VulkanTools/vktrace/vktrace_common/vktrace_metadata.h to /data_sda/vktrace/6977/vktrace-arm//vktrace/vktrace_common
2023-10-20 17:17:59,884 Copy file /data_sda/vktrace/6977/vulkan_trace/VulkanTools/vktrace/vktrace_common/vktrace_pageguard_memorycopy.cpp to /data_sda/vktrace/6977/vktrace-arm//vktrace/vktrace_common
2023-10-20 17:17:59,884 Copy file /data_sda/vktrace/6977/vulkan_trace/VulkanTools/vktrace/vktrace_common/vktrace_trace_packet_identifiers.h to /data_sda/vktrace/6977/vktrace-arm//vktrace/vktrace_common
2023-10-20 17:17:59,884 Copy file /data_sda/vktrace/6977/vulkan_trace/VulkanTools/vktrace/vktrace_common/vktrace_filelike.h to /data_sda/vktrace/6977/vktrace-arm//vktrace/vktrace_common
2023-10-20 17:17:59,885 Copy file /data_sda/vktrace/6977/vulkan_trace/VulkanTools/vktrace/vktrace_common/vktrace_version.h to /data_sda/vktrace/6977/vktrace-arm//vktrace/vktrace_common
2023-10-20 17:17:59,885 Copy file /data_sda/vktrace/6977/vulkan_trace/VulkanTools/vktrace/vktrace_common/CMakeLists.txt to /data_sda/vktrace/6977/vktrace-arm//vktrace/vktrace_common
2023-10-20 17:17:59,885 Copy file /data_sda/vktrace/6977/vulkan_trace/VulkanTools/vktrace/vktrace_common/vktrace_settings.c to /data_sda/vktrace/6977/vktrace-arm//vktrace/vktrace_common
2023-10-20 17:17:59,885 Copy file /data_sda/vktrace/6977/vulkan_trace/VulkanTools/vktrace/vktrace_common/vktrace_filelike.c to /data_sda/vktrace/6977/vktrace-arm//vktrace/vktrace_common
2023-10-20 17:17:59,885 Copy file /data_sda/vktrace/6977/vulkan_trace/VulkanTools/vktrace/vktrace_common/vktrace_multiplatform.h to /data_sda/vktrace/6977/vktrace-arm//vktrace/vktrace_common
2023-10-20 17:17:59,886 Copy file /data_sda/vktrace/6977/vulkan_trace/VulkanTools/vktrace/vktrace_common/vktrace_common.h to /data_sda/vktrace/6977/vktrace-arm//vktrace/vktrace_common
2023-10-20 17:17:59,886 Copy file /data_sda/vktrace/6977/vulkan_trace/VulkanTools/vktrace/vktrace_common/vktrace_process.c to /data_sda/vktrace/6977/vktrace-arm//vktrace/vktrace_common
2023-10-20 17:17:59,886 Copy file /data_sda/vktrace/6977/vulkan_trace/VulkanTools/vktrace/vktrace_common/vktrace_metadata.cpp to /data_sda/vktrace/6977/vktrace-arm//vktrace/vktrace_common
2023-10-20 17:17:59,886 Copy file /data_sda/vktrace/6977/vulkan_trace/VulkanTools/vktrace/vktrace_common/vktrace_platform.h to /data_sda/vktrace/6977/vktrace-arm//vktrace/vktrace_common
2023-10-20 17:17:59,886 Copy file /data_sda/vktrace/6977/vulkan_trace/VulkanTools/vktrace/vktrace_common/vktrace_trace_packet_utils.c to /data_sda/vktrace/6977/vktrace-arm//vktrace/vktrace_common
2023-10-20 17:17:59,887 Copy file /data_sda/vktrace/6977/vulkan_trace/VulkanTools/vktrace/vktrace_common/vktrace_trace_packet_utils.h to /data_sda/vktrace/6977/vktrace-arm//vktrace/vktrace_common
2023-10-20 17:17:59,887 Copy file /data_sda/vktrace/6977/vulkan_trace/VulkanTools/vktrace/vktrace_common/vktrace_tracelog.c to /data_sda/vktrace/6977/vktrace-arm//vktrace/vktrace_common
2023-10-20 17:17:59,887 Copy file /data_sda/vktrace/6977/vulkan_trace/VulkanTools/vktrace/vktrace_common/arm_headless_ext.h to /data_sda/vktrace/6977/vktrace-arm//vktrace/vktrace_common
2023-10-20 17:17:59,887 Copy file /data_sda/vktrace/6977/vulkan_trace/VulkanTools/vktrace/vktrace_common/vktrace_interconnect.h to /data_sda/vktrace/6977/vktrace-arm//vktrace/vktrace_common
2023-10-20 17:17:59,887 Copy file /data_sda/vktrace/6977/vulkan_trace/VulkanTools/vktrace/vktrace_common/wintypes.h to /data_sda/vktrace/6977/vktrace-arm//vktrace/vktrace_common
2023-10-20 17:17:59,888 Copy file /data_sda/vktrace/6977/vulkan_trace/VulkanTools/vktrace/vktrace_common/vktrace_interconnect.c to /data_sda/vktrace/6977/vktrace-arm//vktrace/vktrace_common
2023-10-20 17:17:59,888 Copy file /data_sda/vktrace/6977/vulkan_trace/VulkanTools/vktrace/vktrace_common/vktrace_memory.h to /data_sda/vktrace/6977/vktrace-arm//vktrace/vktrace_common
2023-10-20 17:17:59,888 Copy file /data_sda/vktrace/6977/vulkan_trace/VulkanTools/vktrace/vktrace_common/vktrace_tracelog.h to /data_sda/vktrace/6977/vktrace-arm//vktrace/vktrace_common
2023-10-20 17:17:59,888 Copy file /data_sda/vktrace/6977/vulkan_trace/VulkanTools/vktrace/vktrace_common/compression/lz4decompressor.h to /data_sda/vktrace/6977/vktrace-arm//vktrace/vktrace_common/compression
2023-10-20 17:17:59,889 Copy file /data_sda/vktrace/6977/vulkan_trace/VulkanTools/vktrace/vktrace_common/compression/lz4decompressor.cpp to /data_sda/vktrace/6977/vktrace-arm//vktrace/vktrace_common/compression
2023-10-20 17:17:59,889 Copy file /data_sda/vktrace/6977/vulkan_trace/VulkanTools/vktrace/vktrace_common/compression/lz4compressor.h to /data_sda/vktrace/6977/vktrace-arm//vktrace/vktrace_common/compression
2023-10-20 17:17:59,889 Copy file /data_sda/vktrace/6977/vulkan_trace/VulkanTools/vktrace/vktrace_common/compression/compressor.cpp to /data_sda/vktrace/6977/vktrace-arm//vktrace/vktrace_common/compression
2023-10-20 17:17:59,889 Copy file /data_sda/vktrace/6977/vulkan_trace/VulkanTools/vktrace/vktrace_common/compression/decompressor.cpp to /data_sda/vktrace/6977/vktrace-arm//vktrace/vktrace_common/compression
2023-10-20 17:17:59,889 Copy file /data_sda/vktrace/6977/vulkan_trace/VulkanTools/vktrace/vktrace_common/compression/lz4compressor.cpp to /data_sda/vktrace/6977/vktrace-arm//vktrace/vktrace_common/compression
2023-10-20 17:17:59,890 Copy file /data_sda/vktrace/6977/vulkan_trace/VulkanTools/vktrace/vktrace_replay/vkreplay_factory.h to /data_sda/vktrace/6977/vktrace-arm//vktrace/vktrace_replay
2023-10-20 17:17:59,890 Copy file /data_sda/vktrace/6977/vulkan_trace/VulkanTools/vktrace/vktrace_replay/vkreplay_factory.cpp to /data_sda/vktrace/6977/vktrace-arm//vktrace/vktrace_replay
2023-10-20 17:17:59,890 Copy file /data_sda/vktrace/6977/vulkan_trace/VulkanTools/vktrace/vktrace_replay/vkreplay_pipelinecache.h to /data_sda/vktrace/6977/vktrace-arm//vktrace/vktrace_replay
2023-10-20 17:17:59,890 Copy file /data_sda/vktrace/6977/vulkan_trace/VulkanTools/vktrace/vktrace_replay/vkreplay_seq.cpp to /data_sda/vktrace/6977/vktrace-arm//vktrace/vktrace_replay
2023-10-20 17:17:59,890 Copy file /data_sda/vktrace/6977/vulkan_trace/VulkanTools/vktrace/vktrace_replay/vkreplay_raytracingpipeline.h to /data_sda/vktrace/6977/vktrace-arm//vktrace/vktrace_replay
2023-10-20 17:17:59,890 Ignore file /data_sda/vktrace/6977/vulkan_trace/VulkanTools/vktrace/vktrace_replay/vkreplay_hw_feature_verify.cpp
2023-10-20 17:17:59,891 Copy file /data_sda/vktrace/6977/vulkan_trace/VulkanTools/vktrace/vktrace_replay/vkreplay.cpp to /data_sda/vktrace/6977/vktrace-arm//vktrace/vktrace_replay
2023-10-20 17:17:59,891 Copy file /data_sda/vktrace/6977/vulkan_trace/VulkanTools/vktrace/vktrace_replay/vkreplay_dmabuffer.h to /data_sda/vktrace/6977/vktrace-arm//vktrace/vktrace_replay
2023-10-20 17:17:59,891 Copy file /data_sda/vktrace/6977/vulkan_trace/VulkanTools/vktrace/vktrace_replay/vkreplay_vkdisplay.h to /data_sda/vktrace/6977/vktrace-arm//vktrace/vktrace_replay
2023-10-20 17:17:59,891 Copy file /data_sda/vktrace/6977/vulkan_trace/VulkanTools/vktrace/vktrace_replay/vkreplay_pipelinecache.cpp to /data_sda/vktrace/6977/vktrace-arm//vktrace/vktrace_replay
2023-10-20 17:17:59,891 Copy file /data_sda/vktrace/6977/vulkan_trace/VulkanTools/vktrace/vktrace_replay/vkreplay_vkdisplay_xcb.cpp to /data_sda/vktrace/6977/vktrace-arm//vktrace/vktrace_replay
2023-10-20 17:17:59,892 Copy file /data_sda/vktrace/6977/vulkan_trace/VulkanTools/vktrace/vktrace_replay/vkreplay_settings.h to /data_sda/vktrace/6977/vktrace-arm//vktrace/vktrace_replay
2023-10-20 17:17:59,892 Copy file /data_sda/vktrace/6977/vulkan_trace/VulkanTools/vktrace/vktrace_replay/vkreplay_settings.cpp to /data_sda/vktrace/6977/vktrace-arm//vktrace/vktrace_replay
2023-10-20 17:17:59,892 Copy file /data_sda/vktrace/6977/vulkan_trace/VulkanTools/vktrace/vktrace_replay/vkreplay_preload.h to /data_sda/vktrace/6977/vktrace-arm//vktrace/vktrace_replay
2023-10-20 17:17:59,892 Copy file /data_sda/vktrace/6977/vulkan_trace/VulkanTools/vktrace/vktrace_replay/vkreplay_objmapper_class_defs.h to /data_sda/vktrace/6977/vktrace-arm//vktrace/vktrace_replay
2023-10-20 17:17:59,892 Copy file /data_sda/vktrace/6977/vulkan_trace/VulkanTools/vktrace/vktrace_replay/CMakeLists.txt to /data_sda/vktrace/6977/vktrace-arm//vktrace/vktrace_replay
2023-10-20 17:17:59,893 Copy file /data_sda/vktrace/6977/vulkan_trace/VulkanTools/vktrace/vktrace_replay/vkreplay_main.h to /data_sda/vktrace/6977/vktrace-arm//vktrace/vktrace_replay
2023-10-20 17:17:59,893 Copy file /data_sda/vktrace/6977/vulkan_trace/VulkanTools/vktrace/vktrace_replay/vkreplay.h to /data_sda/vktrace/6977/vktrace-arm//vktrace/vktrace_replay
2023-10-20 17:17:59,893 Copy file /data_sda/vktrace/6977/vulkan_trace/VulkanTools/vktrace/vktrace_replay/vkreplay_window.h to /data_sda/vktrace/6977/vktrace-arm//vktrace/vktrace_replay
2023-10-20 17:17:59,893 Copy file /data_sda/vktrace/6977/vulkan_trace/VulkanTools/vktrace/vktrace_replay/vkreplay_vkdisplay.cpp to /data_sda/vktrace/6977/vktrace-arm//vktrace/vktrace_replay
2023-10-20 17:17:59,893 Copy file /data_sda/vktrace/6977/vulkan_trace/VulkanTools/vktrace/vktrace_replay/vkreplay_seq.h to /data_sda/vktrace/6977/vktrace-arm//vktrace/vktrace_replay
2023-10-20 17:17:59,894 Copy file /data_sda/vktrace/6977/vulkan_trace/VulkanTools/vktrace/vktrace_replay/vkreplay_vkreplay.cpp to /data_sda/vktrace/6977/vktrace-arm//vktrace/vktrace_replay
2023-10-20 17:17:59,895 Copy file /data_sda/vktrace/6977/vulkan_trace/VulkanTools/vktrace/vktrace_replay/vkreplay_main.cpp to /data_sda/vktrace/6977/vktrace-arm//vktrace/vktrace_replay
2023-10-20 17:17:59,895 Copy file /data_sda/vktrace/6977/vulkan_trace/VulkanTools/vktrace/vktrace_replay/vkreplay_preload.cpp to /data_sda/vktrace/6977/vktrace-arm//vktrace/vktrace_replay
2023-10-20 17:17:59,895 Copy file /data_sda/vktrace/6977/vulkan_trace/VulkanTools/vktrace/vktrace_replay/vkreplay_vkdisplay_wayland.cpp to /data_sda/vktrace/6977/vktrace-arm//vktrace/vktrace_replay
2023-10-20 17:17:59,895 Ignore file /data_sda/vktrace/6977/vulkan_trace/VulkanTools/vktrace/vktrace_replay/vkreplay_hw_feature_verify.h
2023-10-20 17:17:59,895 Copy file /data_sda/vktrace/6977/vulkan_trace/VulkanTools/vktrace/vktrace_replay/vkreplay_vkreplay.h to /data_sda/vktrace/6977/vktrace-arm//vktrace/vktrace_replay
2023-10-20 17:17:59,896 Copy file /data_sda/vktrace/6977/vulkan_trace/VulkanTools/vktrace/vktrace_replay/vkreplay_raytracingpipeline.cpp to /data_sda/vktrace/6977/vktrace-arm//vktrace/vktrace_replay
2023-10-20 17:17:59,896 Copy file /data_sda/vktrace/6977/vulkan_trace/VulkanTools/vktrace/vktrace_replay/xdg-shell-protocol.c to /data_sda/vktrace/6977/vktrace-arm//vktrace/vktrace_replay
2023-10-20 17:17:59,896 Copy file /data_sda/vktrace/6977/vulkan_trace/VulkanTools/vktrace/vktrace_dump/vktracedump_main.cpp to /data_sda/vktrace/6977/vktrace-arm//vktrace/vktrace_dump
2023-10-20 17:17:59,896 Copy file /data_sda/vktrace/6977/vulkan_trace/VulkanTools/vktrace/vktrace_dump/CMakeLists.txt to /data_sda/vktrace/6977/vktrace-arm//vktrace/vktrace_dump
2023-10-20 17:17:59,896 Copy file /data_sda/vktrace/6977/vulkan_trace/VulkanTools/vktrace/vktrace_dump/vktracedump_main.h to /data_sda/vktrace/6977/vktrace-arm//vktrace/vktrace_dump
2023-10-20 17:17:59,897 Copy file /data_sda/vktrace/6977/vulkan_trace/VulkanTools/vktrace/vktrace_dump/vktracedump.md to /data_sda/vktrace/6977/vktrace-arm//vktrace/vktrace_dump
2023-10-20 17:17:59,897 Copy file /data_sda/vktrace/6977/vulkan_trace/VulkanTools/vktrace/vktrace_editor/vkeditor_main.cpp to /data_sda/vktrace/6977/vktrace-arm//vktrace/vktrace_editor
2023-10-20 17:17:59,897 Copy file /data_sda/vktrace/6977/vulkan_trace/VulkanTools/vktrace/vktrace_editor/CMakeLists.txt to /data_sda/vktrace/6977/vktrace-arm//vktrace/vktrace_editor
2023-10-20 17:17:59,898 Copy file /data_sda/vktrace/6977/vulkan_trace/VulkanTools/vktrace/vktrace_editor/vkeditor_inject.cpp to /data_sda/vktrace/6977/vktrace-arm//vktrace/vktrace_editor
2023-10-20 17:17:59,898 Copy file /data_sda/vktrace/6977/vulkan_trace/VulkanTools/vktrace/vktrace_editor/vkeditor_rmfeat.cpp to /data_sda/vktrace/6977/vktrace-arm//vktrace/vktrace_editor
2023-10-20 17:17:59,898 Copy file /data_sda/vktrace/6977/vulkan_trace/VulkanTools/vktrace/vktrace_editor/vkeditor_inject.h to /data_sda/vktrace/6977/vktrace-arm//vktrace/vktrace_editor
2023-10-20 17:17:59,898 Copy file /data_sda/vktrace/6977/vulkan_trace/VulkanTools/vktrace/vktrace_editor/vkeditor_rmfeat.h to /data_sda/vktrace/6977/vktrace-arm//vktrace/vktrace_editor
2023-10-20 17:17:59,898 Copy file /data_sda/vktrace/6977/vulkan_trace/VulkanTools/layer_factory/VkLayer_layer_factory.def to /data_sda/vktrace/6977/vktrace-arm//layer_factory
2023-10-20 17:17:59,899 Copy file /data_sda/vktrace/6977/vulkan_trace/VulkanTools/layer_factory/layer_factory.json.in to /data_sda/vktrace/6977/vktrace-arm//layer_factory
2023-10-20 17:17:59,899 Copy file /data_sda/vktrace/6977/vulkan_trace/VulkanTools/layer_factory/README.md to /data_sda/vktrace/6977/vktrace-arm//layer_factory
2023-10-20 17:17:59,899 Copy file /data_sda/vktrace/6977/vulkan_trace/VulkanTools/layer_factory/CMakeLists.txt to /data_sda/vktrace/6977/vktrace-arm//layer_factory
2023-10-20 17:17:59,899 Copy file /data_sda/vktrace/6977/vulkan_trace/VulkanTools/layer_factory/starter_layer/memory_allocation_stats.h to /data_sda/vktrace/6977/vktrace-arm//layer_factory/starter_layer
2023-10-20 17:17:59,899 Copy file /data_sda/vktrace/6977/vulkan_trace/VulkanTools/layer_factory/starter_layer/interceptor_objects.h to /data_sda/vktrace/6977/vktrace-arm//layer_factory/starter_layer
2023-10-20 17:17:59,900 Copy file /data_sda/vktrace/6977/vulkan_trace/VulkanTools/layer_factory/demo_layer/demo.h to /data_sda/vktrace/6977/vktrace-arm//layer_factory/demo_layer
2023-10-20 17:17:59,900 Copy file /data_sda/vktrace/6977/vulkan_trace/VulkanTools/layer_factory/demo_layer/demo.cpp to /data_sda/vktrace/6977/vktrace-arm//layer_factory/demo_layer
2023-10-20 17:17:59,900 Copy file /data_sda/vktrace/6977/vulkan_trace/VulkanTools/layer_factory/demo_layer/interceptor_objects.h to /data_sda/vktrace/6977/vktrace-arm//layer_factory/demo_layer
2023-10-20 17:17:59,900 Copy file /data_sda/vktrace/6977/vulkan_trace/VulkanTools/cmake/Copyright_cmake.txt to /data_sda/vktrace/6977/vktrace-arm//cmake
2023-10-20 17:17:59,900 Copy file /data_sda/vktrace/6977/vulkan_trace/VulkanTools/cmake/FindValgrind.cmake to /data_sda/vktrace/6977/vktrace-arm//cmake
2023-10-20 17:17:59,901 Copy file /data_sda/vktrace/6977/vulkan_trace/VulkanTools/cmake/FindVulkan.cmake to /data_sda/vktrace/6977/vktrace-arm//cmake
2023-10-20 17:17:59,901 Ignore file /data_sda/vktrace/6977/vulkan_trace/VulkanTools/cmake/README.txt
2023-10-20 17:17:59,901 Copy file /data_sda/vktrace/6977/vulkan_trace/VulkanTools/cmake/FindX11_XCB.cmake to /data_sda/vktrace/6977/vktrace-arm//cmake
2023-10-20 17:17:59,901 Copy file /data_sda/vktrace/6977/vulkan_trace/VulkanTools/cmake/linux_aarch64.cmake to /data_sda/vktrace/6977/vktrace-arm//cmake
2023-10-20 17:17:59,901 Copy file /data_sda/vktrace/6977/vulkan_trace/VulkanTools/cmake/cmake_uninstall.cmake.in to /data_sda/vktrace/6977/vktrace-arm//cmake
2023-10-20 17:17:59,901 Copy file /data_sda/vktrace/6977/vulkan_trace/VulkanTools/cmake/linux_arm.cmake to /data_sda/vktrace/6977/vktrace-arm//cmake
2023-10-20 17:17:59,901 Copy file /data_sda/vktrace/6977/vulkan_trace/VulkanTools/cmake/FindXCB.cmake to /data_sda/vktrace/6977/vktrace-arm//cmake
2023-10-20 17:17:59,902 Copy file /data_sda/vktrace/6977/vulkan_trace/VulkanTools/cmake/FindWayland.cmake to /data_sda/vktrace/6977/vktrace-arm//cmake
2023-10-20 17:17:59,902 Copy file /data_sda/vktrace/6977/vulkan_trace/VulkanTools/cmake/FindPthreadStubs.cmake to /data_sda/vktrace/6977/vktrace-arm//cmake
2023-10-20 17:17:59,902 Copy file /data_sda/vktrace/6977/vulkan_trace/VulkanTools/cmake/FindVulkanHeaders.cmake to /data_sda/vktrace/6977/vktrace-arm//cmake
2023-10-20 17:17:59,902 Copy file /data_sda/vktrace/6977/vulkan_trace/VulkanTools/arm_internal_layers/build_entry_layers.sh to /data_sda/vktrace/6977/vktrace-arm//arm_internal_layers
2023-10-20 17:17:59,903 Copy file /data_sda/vktrace/6977/vulkan_trace/VulkanTools/arm_internal_layers/entry_points/README.md to /data_sda/vktrace/6977/vktrace-arm//arm_internal_layers/entry_points
2023-10-20 17:17:59,903 Copy file /data_sda/vktrace/6977/vulkan_trace/VulkanTools/arm_internal_layers/entry_points/CMakeLists.txt to /data_sda/vktrace/6977/vktrace-arm//arm_internal_layers/entry_points
2023-10-20 17:17:59,903 Copy file /data_sda/vktrace/6977/vulkan_trace/VulkanTools/arm_internal_layers/entry_points/arm.cmake to /data_sda/vktrace/6977/vktrace-arm//arm_internal_layers/entry_points
2023-10-20 17:17:59,903 Ignore file /data_sda/vktrace/6977/vulkan_trace/VulkanTools/arm_internal_layers/entry_points/.gitignore
2023-10-20 17:17:59,903 Copy file /data_sda/vktrace/6977/vulkan_trace/VulkanTools/arm_internal_layers/entry_points/aarch64.cmake to /data_sda/vktrace/6977/vktrace-arm//arm_internal_layers/entry_points
2023-10-20 17:17:59,903 Copy file /data_sda/vktrace/6977/vulkan_trace/VulkanTools/arm_internal_layers/entry_points/helper.cmake to /data_sda/vktrace/6977/vktrace-arm//arm_internal_layers/entry_points
2023-10-20 17:17:59,904 Copy file /data_sda/vktrace/6977/vulkan_trace/VulkanTools/arm_internal_layers/entry_points/include/asm_measurements.h to /data_sda/vktrace/6977/vktrace-arm//arm_internal_layers/entry_points/include
2023-10-20 17:17:59,904 Copy file /data_sda/vktrace/6977/vulkan_trace/VulkanTools/arm_internal_layers/entry_points/include/perf2_measurements.h to /data_sda/vktrace/6977/vktrace-arm//arm_internal_layers/entry_points/include
2023-10-20 17:17:59,904 Copy file /data_sda/vktrace/6977/vulkan_trace/VulkanTools/arm_internal_layers/entry_points/include/mperf_ppa1_measurements.h to /data_sda/vktrace/6977/vktrace-arm//arm_internal_layers/entry_points/include
2023-10-20 17:17:59,904 Copy file /data_sda/vktrace/6977/vulkan_trace/VulkanTools/arm_internal_layers/entry_points/include/mperf.h to /data_sda/vktrace/6977/vktrace-arm//arm_internal_layers/entry_points/include
2023-10-20 17:17:59,904 Copy file /data_sda/vktrace/6977/vulkan_trace/VulkanTools/arm_internal_layers/entry_points/include/armv8_pmu_counter_names.h to /data_sda/vktrace/6977/vktrace-arm//arm_internal_layers/entry_points/include
2023-10-20 17:17:59,904 Copy file /data_sda/vktrace/6977/vulkan_trace/VulkanTools/arm_internal_layers/entry_points/include/os.h to /data_sda/vktrace/6977/vktrace-arm//arm_internal_layers/entry_points/include
2023-10-20 17:17:59,905 Copy file /data_sda/vktrace/6977/vulkan_trace/VulkanTools/arm_internal_layers/entry_points/include/mperf_combined_measurements.h to /data_sda/vktrace/6977/vktrace-arm//arm_internal_layers/entry_points/include
2023-10-20 17:17:59,905 Copy file /data_sda/vktrace/6977/vulkan_trace/VulkanTools/arm_internal_layers/entry_points/include/mperf1_measurements.h to /data_sda/vktrace/6977/vktrace-arm//arm_internal_layers/entry_points/include
2023-10-20 17:17:59,905 Copy file /data_sda/vktrace/6977/vulkan_trace/VulkanTools/arm_internal_layers/entry_points/include/mperf3_measurements.h to /data_sda/vktrace/6977/vktrace-arm//arm_internal_layers/entry_points/include
2023-10-20 17:17:59,905 Copy file /data_sda/vktrace/6977/vulkan_trace/VulkanTools/arm_internal_layers/entry_points/include/entry.h to /data_sda/vktrace/6977/vktrace-arm//arm_internal_layers/entry_points/include
2023-10-20 17:17:59,905 Copy file /data_sda/vktrace/6977/vulkan_trace/VulkanTools/arm_internal_layers/entry_points/include/mperf_ppa3_measurements.h to /data_sda/vktrace/6977/vktrace-arm//arm_internal_layers/entry_points/include
2023-10-20 17:17:59,905 Copy file /data_sda/vktrace/6977/vulkan_trace/VulkanTools/arm_internal_layers/entry_points/include/perf_measurements.h to /data_sda/vktrace/6977/vktrace-arm//arm_internal_layers/entry_points/include
2023-10-20 17:17:59,906 Copy file /data_sda/vktrace/6977/vulkan_trace/VulkanTools/arm_internal_layers/entry_points/include/mperf_tlb_measurements.h to /data_sda/vktrace/6977/vktrace-arm//arm_internal_layers/entry_points/include
2023-10-20 17:17:59,906 Copy file /data_sda/vktrace/6977/vulkan_trace/VulkanTools/arm_internal_layers/entry_points/include/mperf_cache_measurements.h to /data_sda/vktrace/6977/vktrace-arm//arm_internal_layers/entry_points/include
2023-10-20 17:17:59,906 Copy file /data_sda/vktrace/6977/vulkan_trace/VulkanTools/arm_internal_layers/entry_points/include/mperf_ppa2_measurements.h to /data_sda/vktrace/6977/vktrace-arm//arm_internal_layers/entry_points/include
2023-10-20 17:17:59,906 Copy file /data_sda/vktrace/6977/vulkan_trace/VulkanTools/arm_internal_layers/entry_points/include/mperf2_measurements.h to /data_sda/vktrace/6977/vktrace-arm//arm_internal_layers/entry_points/include
2023-10-20 17:17:59,906 Copy file /data_sda/vktrace/6977/vulkan_trace/VulkanTools/arm_internal_layers/entry_points/src/libVkLayer.map to /data_sda/vktrace/6977/vktrace-arm//arm_internal_layers/entry_points/src
2023-10-20 17:17:59,907 Copy file /data_sda/vktrace/6977/vulkan_trace/VulkanTools/arm_internal_layers/entry_points/src/report.cpp to /data_sda/vktrace/6977/vktrace-arm//arm_internal_layers/entry_points/src
2023-10-20 17:17:59,907 Copy file /data_sda/vktrace/6977/vulkan_trace/VulkanTools/arm_internal_layers/entry_points/third_party/get_3rd_party.sh to /data_sda/vktrace/6977/vktrace-arm//arm_internal_layers/entry_points/third_party
2023-10-20 17:17:59,907 Ignore file /data_sda/vktrace/6977/vulkan_trace/VulkanTools/arm_internal_layers/entry_points/third_party/.gitignore
2023-10-20 17:17:59,907 Copy file /data_sda/vktrace/6977/vulkan_trace/VulkanTools/arm_internal_layers/entry_points/cmake/FindVulkanHeaders.cmake to /data_sda/vktrace/6977/vktrace-arm//arm_internal_layers/entry_points/cmake
2023-10-20 17:17:59,907 Copy file /data_sda/vktrace/6977/vulkan_trace/VulkanTools/arm_internal_layers/entry_points/scripts/setup_hikey960_gpu_after_insmod.sh to /data_sda/vktrace/6977/vktrace-arm//arm_internal_layers/entry_points/scripts
2023-10-20 17:17:59,907 Copy file /data_sda/vktrace/6977/vulkan_trace/VulkanTools/arm_internal_layers/entry_points/scripts/ve_genvk.py to /data_sda/vktrace/6977/vktrace-arm//arm_internal_layers/entry_points/scripts
2023-10-20 17:17:59,908 Copy file /data_sda/vktrace/6977/vulkan_trace/VulkanTools/arm_internal_layers/entry_points/scripts/setup_hikey960_cpu_before_insmod.sh to /data_sda/vktrace/6977/vktrace-arm//arm_internal_layers/entry_points/scripts
2023-10-20 17:17:59,908 Copy file /data_sda/vktrace/6977/vulkan_trace/VulkanTools/arm_internal_layers/entry_points/scripts/filter_breakdown.csv to /data_sda/vktrace/6977/vktrace-arm//arm_internal_layers/entry_points/scripts
2023-10-20 17:17:59,908 Copy file /data_sda/vktrace/6977/vulkan_trace/VulkanTools/arm_internal_layers/entry_points/scripts/aggregate.py to /data_sda/vktrace/6977/vktrace-arm//arm_internal_layers/entry_points/scripts
2023-10-20 17:17:59,908 Copy file /data_sda/vktrace/6977/vulkan_trace/VulkanTools/arm_internal_layers/entry_points/scripts/generate_vklayer_json.sh to /data_sda/vktrace/6977/vktrace-arm//arm_internal_layers/entry_points/scripts
2023-10-20 17:17:59,908 Copy file /data_sda/vktrace/6977/vulkan_trace/VulkanTools/arm_internal_layers/entry_points/scripts/entry_generator.py to /data_sda/vktrace/6977/vktrace-arm//arm_internal_layers/entry_points/scripts
2023-10-20 17:17:59,908 Copy file /data_sda/vktrace/6977/vulkan_trace/VulkanTools/arm_internal_layers/entry_points/scripts/aggregate_json.py to /data_sda/vktrace/6977/vktrace-arm//arm_internal_layers/entry_points/scripts
2023-10-20 17:17:59,909 Copy file /data_sda/vktrace/6977/vulkan_trace/VulkanTools/arm_internal_layers/entry_points/scripts/filter.csv to /data_sda/vktrace/6977/vktrace-arm//arm_internal_layers/entry_points/scripts
2023-10-20 17:17:59,909 Ignore file /data_sda/vktrace/6977/vulkan_trace/VulkanTools/arm_internal_layers/entry_points/scripts/.gitignore
2023-10-20 17:17:59,909 Copy file /data_sda/vktrace/6977/vulkan_trace/VulkanTools/arm_internal_layers/entry_points/scripts/compare_entry_points.py to /data_sda/vktrace/6977/vktrace-arm//arm_internal_layers/entry_points/scripts
2023-10-20 17:17:59,909 Ignore file /data_sda/vktrace/6977/vulkan_trace/VulkanTools/arm_internal_layers/entry_points/build-android/.gitignore
2023-10-20 17:17:59,909 Copy file /data_sda/vktrace/6977/vulkan_trace/VulkanTools/arm_internal_layers/entry_points/build-android/android-generate.sh to /data_sda/vktrace/6977/vktrace-arm//arm_internal_layers/entry_points/build-android
2023-10-20 17:17:59,909 Copy file /data_sda/vktrace/6977/vulkan_trace/VulkanTools/arm_internal_layers/entry_points/build-android/jni/Android.mk to /data_sda/vktrace/6977/vktrace-arm//arm_internal_layers/entry_points/build-android/jni
2023-10-20 17:17:59,909 Copy file /data_sda/vktrace/6977/vulkan_trace/VulkanTools/arm_internal_layers/entry_points/build-android/jni/Application.mk to /data_sda/vktrace/6977/vktrace-arm//arm_internal_layers/entry_points/build-android/jni
2023-10-20 17:17:59,910 Copy file /data_sda/vktrace/6977/vulkan_trace/VulkanTools/arm_internal_layers/entry_points/build-android/jni/shaderc/Application.mk to /data_sda/vktrace/6977/vktrace-arm//arm_internal_layers/entry_points/build-android/jni/shaderc
2023-10-20 17:17:59,910 Copy file /data_sda/vktrace/6977/vulkan_trace/VulkanTools/feature_test/vktracecompress.android.sh to /data_sda/vktrace/6977/vktrace-arm//feature_test
2023-10-20 17:17:59,910 Copy file /data_sda/vktrace/6977/vulkan_trace/VulkanTools/feature_test/list.overhead16.arm_linux.txt to /data_sda/vktrace/6977/vktrace-arm//feature_test
2023-10-20 17:17:59,910 Copy file /data_sda/vktrace/6977/vulkan_trace/VulkanTools/feature_test/vktraceoffscreen.android.sh to /data_sda/vktrace/6977/vktrace-arm//feature_test
2023-10-20 17:17:59,910 Copy file /data_sda/vktrace/6977/vulkan_trace/VulkanTools/feature_test/list.vktrace.android.txt to /data_sda/vktrace/6977/vktrace-arm//feature_test
2023-10-20 17:17:59,911 Copy file /data_sda/vktrace/6977/vulkan_trace/VulkanTools/feature_test/list.vktrace.arm_linux.txt to /data_sda/vktrace/6977/vktrace-arm//feature_test
2023-10-20 17:17:59,911 Copy file /data_sda/vktrace/6977/vulkan_trace/VulkanTools/feature_test/vktracereplay.android.sh to /data_sda/vktrace/6977/vktrace-arm//feature_test
2023-10-20 17:17:59,911 Copy file /data_sda/vktrace/6977/vulkan_trace/VulkanTools/feature_test/list.compress.android.txt to /data_sda/vktrace/6977/vktrace-arm//feature_test
2023-10-20 17:17:59,911 Copy file /data_sda/vktrace/6977/vulkan_trace/VulkanTools/feature_test/list.offscreen.android.txt to /data_sda/vktrace/6977/vktrace-arm//feature_test
2023-10-20 17:17:59,911 Copy file /data_sda/vktrace/6977/vulkan_trace/VulkanTools/feature_test/vktraceoverhead.arm_linux.sh to /data_sda/vktrace/6977/vktrace-arm//feature_test
2023-10-20 17:17:59,911 Copy file /data_sda/vktrace/6977/vulkan_trace/VulkanTools/feature_test/list.overhead.arm_linux.txt to /data_sda/vktrace/6977/vktrace-arm//feature_test
2023-10-20 17:17:59,912 Copy file /data_sda/vktrace/6977/vulkan_trace/VulkanTools/feature_test/list.overhead0.arm_linux.txt to /data_sda/vktrace/6977/vktrace-arm//feature_test
2023-10-20 17:17:59,912 Copy file /data_sda/vktrace/6977/vulkan_trace/VulkanTools/feature_test/vktracereplay.arm_linux.sh to /data_sda/vktrace/6977/vktrace-arm//feature_test
2023-10-20 17:17:59,912 Copy file /data_sda/vktrace/6977/vulkan_trace/VulkanTools/feature_test/rayquery_capture_test/jenkins.rayquery.replay.py to /data_sda/vktrace/6977/vktrace-arm//feature_test/rayquery_capture_test
2023-10-20 17:17:59,912 Copy file /data_sda/vktrace/6977/vulkan_trace/VulkanTools/feature_test/rayquery_capture_test/startRayQueryTest.sh to /data_sda/vktrace/6977/vktrace-arm//feature_test/rayquery_capture_test
2023-10-20 17:17:59,912 Copy file /data_sda/vktrace/6977/vulkan_trace/VulkanTools/feature_test/rayquery_capture_test/jenkins.rayquery.capture.py to /data_sda/vktrace/6977/vktrace-arm//feature_test/rayquery_capture_test
2023-10-20 17:17:59,912 Copy file /data_sda/vktrace/6977/vulkan_trace/VulkanTools/feature_test/rayquery_capture_test/list.vktrace.x64.rayquery.txt to /data_sda/vktrace/6977/vktrace-arm//feature_test/rayquery_capture_test
2023-10-20 17:17:59,928 Copy file /data_sda/vktrace/6977/vulkan_trace/VulkanTools/feature_test/validate_fastforward_trace/compare_arm64 to /data_sda/vktrace/6977/vktrace-arm//feature_test/validate_fastforward_trace
2023-10-20 17:17:59,928 Copy file /data_sda/vktrace/6977/vulkan_trace/VulkanTools/feature_test/validate_fastforward_trace/vkretracer_validate_android.py to /data_sda/vktrace/6977/vktrace-arm//feature_test/validate_fastforward_trace
2023-10-20 17:17:59,947 Copy file /data_sda/vktrace/6977/vulkan_trace/VulkanTools/feature_test/validate_fastforward_trace/compare_x64 to /data_sda/vktrace/6977/vktrace-arm//feature_test/validate_fastforward_trace
2023-10-20 17:17:59,948 Copy file /data_sda/vktrace/6977/vulkan_trace/VulkanTools/feature_test/validate_fastforward_trace/vkretracer_validate_arm64.py to /data_sda/vktrace/6977/vktrace-arm//feature_test/validate_fastforward_trace
2023-10-20 17:17:59,948 Copy file /data_sda/vktrace/6977/vulkan_trace/VulkanTools/feature_test/raytracing_test/list.vktrace.x64.raytracing.txt to /data_sda/vktrace/6977/vktrace-arm//feature_test/raytracing_test
2023-10-20 17:17:59,948 Copy file /data_sda/vktrace/6977/vulkan_trace/VulkanTools/feature_test/raytracing_test/jenkins.raytracing.py to /data_sda/vktrace/6977/vktrace-arm//feature_test/raytracing_test
2023-10-20 17:17:59,948 Copy file /data_sda/vktrace/6977/vulkan_trace/VulkanTools/feature_test/raytracing_test/startRayTracingTest.sh to /data_sda/vktrace/6977/vktrace-arm//feature_test/raytracing_test
2023-10-20 17:17:59,948 Copy file /data_sda/vktrace/6977/vulkan_trace/VulkanTools/feature_test/rayquery_replay_test/jenkins.rayquery.py to /data_sda/vktrace/6977/vktrace-arm//feature_test/rayquery_replay_test
2023-10-20 17:17:59,949 Copy file /data_sda/vktrace/6977/vulkan_trace/VulkanTools/feature_test/rayquery_replay_test/startRayQueryTest.sh to /data_sda/vktrace/6977/vktrace-arm//feature_test/rayquery_replay_test
2023-10-20 17:17:59,949 Copy file /data_sda/vktrace/6977/vulkan_trace/VulkanTools/feature_test/rayquery_replay_test/list.vktrace.x64.rayquery.txt to /data_sda/vktrace/6977/vktrace-arm//feature_test/rayquery_replay_test
2023-10-20 17:17:59,949 Copy file /data_sda/vktrace/6977/vulkan_trace/VulkanTools/layersvt/vk_layer_table.h to /data_sda/vktrace/6977/vktrace-arm//layersvt
2023-10-20 17:17:59,949 Copy file /data_sda/vktrace/6977/vulkan_trace/VulkanTools/layersvt/VkLayer_screenshot.def to /data_sda/vktrace/6977/vktrace-arm//layersvt
2023-10-20 17:17:59,949 Copy file /data_sda/vktrace/6977/vulkan_trace/VulkanTools/layersvt/dev_sim_compatmode.cpp to /data_sda/vktrace/6977/vktrace-arm//layersvt
2023-10-20 17:17:59,950 Copy file /data_sda/vktrace/6977/vulkan_trace/VulkanTools/layersvt/VkLayer_monitor.json.in to /data_sda/vktrace/6977/vktrace-arm//layersvt
2023-10-20 17:17:59,950 Copy file /data_sda/vktrace/6977/vulkan_trace/VulkanTools/layersvt/dev_sim_ext_features.cpp to /data_sda/vktrace/6977/vktrace-arm//layersvt
2023-10-20 17:17:59,950 Copy file /data_sda/vktrace/6977/vulkan_trace/VulkanTools/layersvt/device_simulation.md to /data_sda/vktrace/6977/vktrace-arm//layersvt
2023-10-20 17:17:59,950 Copy file /data_sda/vktrace/6977/vulkan_trace/VulkanTools/layersvt/VkLayer_emptydriver.def to /data_sda/vktrace/6977/vktrace-arm//layersvt
2023-10-20 17:17:59,951 Copy file /data_sda/vktrace/6977/vulkan_trace/VulkanTools/layersvt/VkLayer_api_dump.json.in to /data_sda/vktrace/6977/vktrace-arm//layersvt
2023-10-20 17:17:59,951 Copy file /data_sda/vktrace/6977/vulkan_trace/VulkanTools/layersvt/vk_layer_settings.txt to /data_sda/vktrace/6977/vktrace-arm//layersvt
2023-10-20 17:17:59,951 Copy file /data_sda/vktrace/6977/vulkan_trace/VulkanTools/layersvt/FixApidumpJson.sh to /data_sda/vktrace/6977/vktrace-arm//layersvt
2023-10-20 17:17:59,951 Copy file /data_sda/vktrace/6977/vulkan_trace/VulkanTools/layersvt/api_dump_layer.md to /data_sda/vktrace/6977/vktrace-arm//layersvt
2023-10-20 17:17:59,951 Copy file /data_sda/vktrace/6977/vulkan_trace/VulkanTools/layersvt/dev_sim_compatmode.h to /data_sda/vktrace/6977/vktrace-arm//layersvt
2023-10-20 17:17:59,952 Copy file /data_sda/vktrace/6977/vulkan_trace/VulkanTools/layersvt/monitor.cpp to /data_sda/vktrace/6977/vktrace-arm//layersvt
2023-10-20 17:17:59,952 Copy file /data_sda/vktrace/6977/vulkan_trace/VulkanTools/layersvt/VkLayer_device_simulation.def to /data_sda/vktrace/6977/vktrace-arm//layersvt
2023-10-20 17:17:59,952 Copy file /data_sda/vktrace/6977/vulkan_trace/VulkanTools/layersvt/VkLayer_hwcprofiler.json.in to /data_sda/vktrace/6977/vktrace-arm//layersvt
2023-10-20 17:17:59,952 Copy file /data_sda/vktrace/6977/vulkan_trace/VulkanTools/layersvt/dev_sim_ext_features.h to /data_sda/vktrace/6977/vktrace-arm//layersvt
2023-10-20 17:17:59,952 Copy file /data_sda/vktrace/6977/vulkan_trace/VulkanTools/layersvt/vktrace_emptydriver.h to /data_sda/vktrace/6977/vktrace-arm//layersvt
2023-10-20 17:17:59,952 Copy file /data_sda/vktrace/6977/vulkan_trace/VulkanTools/layersvt/README.md to /data_sda/vktrace/6977/vktrace-arm//layersvt
2023-10-20 17:17:59,953 Copy file /data_sda/vktrace/6977/vulkan_trace/VulkanTools/layersvt/device_simulation.cpp to /data_sda/vktrace/6977/vktrace-arm//layersvt
2023-10-20 17:17:59,953 Copy file /data_sda/vktrace/6977/vulkan_trace/VulkanTools/layersvt/CMakeLists.txt to /data_sda/vktrace/6977/vktrace-arm//layersvt
2023-10-20 17:17:59,953 Copy file /data_sda/vktrace/6977/vulkan_trace/VulkanTools/layersvt/VkLayer_api_cost.json.in to /data_sda/vktrace/6977/vktrace-arm//layersvt
2023-10-20 17:17:59,953 Copy file /data_sda/vktrace/6977/vulkan_trace/VulkanTools/layersvt/VkLayer_device_simulation.json.in to /data_sda/vktrace/6977/vktrace-arm//layersvt
2023-10-20 17:17:59,953 Copy file /data_sda/vktrace/6977/vulkan_trace/VulkanTools/layersvt/VkLayer_emptydriver.json.in to /data_sda/vktrace/6977/vktrace-arm//layersvt
2023-10-20 17:17:59,954 Copy file /data_sda/vktrace/6977/vulkan_trace/VulkanTools/layersvt/VkLayer_hwcprofiler.def to /data_sda/vktrace/6977/vktrace-arm//layersvt
2023-10-20 17:17:59,954 Copy file /data_sda/vktrace/6977/vulkan_trace/VulkanTools/layersvt/screenshot_parsing.h to /data_sda/vktrace/6977/vktrace-arm//layersvt
2023-10-20 17:17:59,954 Copy file /data_sda/vktrace/6977/vulkan_trace/VulkanTools/layersvt/api_cost.h to /data_sda/vktrace/6977/vktrace-arm//layersvt
2023-10-20 17:17:59,954 Copy file /data_sda/vktrace/6977/vulkan_trace/VulkanTools/layersvt/VKLayer_monitor.def to /data_sda/vktrace/6977/vktrace-arm//layersvt
2023-10-20 17:17:59,954 Copy file /data_sda/vktrace/6977/vulkan_trace/VulkanTools/layersvt/screenshot_parsing.cpp to /data_sda/vktrace/6977/vktrace-arm//layersvt
2023-10-20 17:17:59,955 Copy file /data_sda/vktrace/6977/vulkan_trace/VulkanTools/layersvt/screenshot_layer.md to /data_sda/vktrace/6977/vktrace-arm//layersvt
2023-10-20 17:17:59,955 Copy file /data_sda/vktrace/6977/vulkan_trace/VulkanTools/layersvt/VkLayer_basic.def to /data_sda/vktrace/6977/vktrace-arm//layersvt
2023-10-20 17:17:59,955 Copy file /data_sda/vktrace/6977/vulkan_trace/VulkanTools/layersvt/VkLayer_screenshot.json.in to /data_sda/vktrace/6977/vktrace-arm//layersvt
2023-10-20 17:17:59,955 Copy file /data_sda/vktrace/6977/vulkan_trace/VulkanTools/layersvt/VkLayer_api_dump.def to /data_sda/vktrace/6977/vktrace-arm//layersvt
2023-10-20 17:17:59,955 Copy file /data_sda/vktrace/6977/vulkan_trace/VulkanTools/layersvt/vk_layer_table.cpp to /data_sda/vktrace/6977/vktrace-arm//layersvt
2023-10-20 17:17:59,956 Copy file /data_sda/vktrace/6977/vulkan_trace/VulkanTools/layersvt/VkLayer_api_cost.def to /data_sda/vktrace/6977/vktrace-arm//layersvt
2023-10-20 17:17:59,956 Copy file /data_sda/vktrace/6977/vulkan_trace/VulkanTools/layersvt/monitor_layer.md to /data_sda/vktrace/6977/vktrace-arm//layersvt
2023-10-20 17:17:59,956 Copy file /data_sda/vktrace/6977/vulkan_trace/VulkanTools/layersvt/api_dump.h to /data_sda/vktrace/6977/vktrace-arm//layersvt
2023-10-20 17:17:59,956 Copy file /data_sda/vktrace/6977/vulkan_trace/VulkanTools/layersvt/screenshot.cpp to /data_sda/vktrace/6977/vktrace-arm//layersvt
2023-10-20 17:17:59,957 Copy file /data_sda/vktrace/6977/vulkan_trace/VulkanTools/layersvt/device_simulation_examples/tiny1.json to /data_sda/vktrace/6977/vktrace-arm//layersvt/device_simulation_examples
2023-10-20 17:17:59,957 Copy file /data_sda/vktrace/6977/vulkan_trace/VulkanTools/layersvt/offscreenlayer/headless_surface.h to /data_sda/vktrace/6977/vktrace-arm//layersvt/offscreenlayer
2023-10-20 17:17:59,957 Copy file /data_sda/vktrace/6977/vulkan_trace/VulkanTools/layersvt/offscreenlayer/VkLayer_offscreenrender.json.in to /data_sda/vktrace/6977/vktrace-arm//layersvt/offscreenlayer
2023-10-20 17:17:59,957 Copy file /data_sda/vktrace/6977/vulkan_trace/VulkanTools/layersvt/offscreenlayer/offscreen_render.cpp to /data_sda/vktrace/6977/vktrace-arm//layersvt/offscreenlayer
2023-10-20 17:17:59,957 Copy file /data_sda/vktrace/6977/vulkan_trace/VulkanTools/layersvt/offscreenlayer/headless_surface.cpp to /data_sda/vktrace/6977/vktrace-arm//layersvt/offscreenlayer
2023-10-20 17:17:59,958 Copy file /data_sda/vktrace/6977/vulkan_trace/VulkanTools/layersvt/offscreenlayer/VkLayer_offscreenrender.def to /data_sda/vktrace/6977/vktrace-arm//layersvt/offscreenlayer
2023-10-20 17:17:59,958 Copy file /data_sda/vktrace/6977/vulkan_trace/VulkanTools/layersvt/offscreenlayer/headless_swapchain.h to /data_sda/vktrace/6977/vktrace-arm//layersvt/offscreenlayer
2023-10-20 17:17:59,958 Copy file /data_sda/vktrace/6977/vulkan_trace/VulkanTools/layersvt/offscreenlayer/headless_swapchain.cpp to /data_sda/vktrace/6977/vktrace-arm//layersvt/offscreenlayer
2023-10-20 17:17:59,958 Copy file /data_sda/vktrace/6977/vulkan_trace/VulkanTools/layersvt/offscreenlayer/offscreenrender_layer.md to /data_sda/vktrace/6977/vktrace-arm//layersvt/offscreenlayer
2023-10-20 17:17:59,958 Copy file /data_sda/vktrace/6977/vulkan_trace/VulkanTools/layersvt/offscreenlayer/offscreen_render.h to /data_sda/vktrace/6977/vktrace-arm//layersvt/offscreenlayer
2023-10-20 17:17:59,959 Copy file /data_sda/vktrace/6977/vulkan_trace/VulkanTools/layersvt/images/lunarg.png to /data_sda/vktrace/6977/vktrace-arm//layersvt/images
2023-10-20 17:17:59,959 Copy file /data_sda/vktrace/6977/vulkan_trace/VulkanTools/layersvt/systrace/VkLayer_systrace.json.in to /data_sda/vktrace/6977/vktrace-arm//layersvt/systrace
2023-10-20 17:17:59,959 Copy file /data_sda/vktrace/6977/vulkan_trace/VulkanTools/layersvt/systrace/vktrace_systrace.h to /data_sda/vktrace/6977/vktrace-arm//layersvt/systrace
2023-10-20 17:17:59,959 Copy file /data_sda/vktrace/6977/vulkan_trace/VulkanTools/layersvt/systrace/VkLayer_systrace.def to /data_sda/vktrace/6977/vktrace-arm//layersvt/systrace
2023-10-20 17:17:59,960 Copy file /data_sda/vktrace/6977/vulkan_trace/VulkanTools/layersvt/hwc_profiler/hwcProfiler.cpp to /data_sda/vktrace/6977/vktrace-arm//layersvt/hwc_profiler
2023-10-20 17:17:59,960 Copy file /data_sda/vktrace/6977/vulkan_trace/VulkanTools/layersvt/hwc_profiler/hwcProfiler.h to /data_sda/vktrace/6977/vktrace-arm//layersvt/hwc_profiler
2023-10-20 17:17:59,960 Copy file /data_sda/vktrace/6977/vulkan_trace/VulkanTools/scripts/emptydriver_generator.py to /data_sda/vktrace/6977/vktrace-arm//scripts
2023-10-20 17:17:59,960 Ignore file /data_sda/vktrace/6977/vulkan_trace/VulkanTools/scripts/github_overwrite.py
2023-10-20 17:17:59,960 Copy file /data_sda/vktrace/6977/vulkan_trace/VulkanTools/scripts/systrace_generator.py to /data_sda/vktrace/6977/vktrace-arm//scripts
2023-10-20 17:17:59,961 Copy file /data_sda/vktrace/6977/vulkan_trace/VulkanTools/scripts/tool_helper_file_generator.py to /data_sda/vktrace/6977/vktrace-arm//scripts
2023-10-20 17:17:59,961 Copy file /data_sda/vktrace/6977/vulkan_trace/VulkanTools/scripts/update_deps.py to /data_sda/vktrace/6977/vktrace-arm//scripts
2023-10-20 17:17:59,961 Copy file /data_sda/vktrace/6977/vulkan_trace/VulkanTools/scripts/api_cost_generator.py to /data_sda/vktrace/6977/vktrace-arm//scripts
2023-10-20 17:17:59,961 Copy file /data_sda/vktrace/6977/vulkan_trace/VulkanTools/scripts/layer_factory_generator.py to /data_sda/vktrace/6977/vktrace-arm//scripts
2023-10-20 17:17:59,962 Copy file /data_sda/vktrace/6977/vulkan_trace/VulkanTools/scripts/gpu_profile_merger.py to /data_sda/vktrace/6977/vktrace-arm//scripts
